<?xml version="1.0" encoding="UTF-8"?>
<!-- Generated by org.testng.reporters.JUnitXMLReporter -->
<testsuite ignored="0" hostname="HarshT" failures="0" tests="4" name="Default test" time="84.358" errors="0" timestamp="2022-06-02T13:13:48 CDT">
  <testcase classname="Digiboxautomation.createfolder" name="openDigiboxx" time="9.71"/>
  <testcase classname="Digiboxautomation.createfolder" name="LoginIntoDigibox" time="14.045"/>
  <testcase classname="Digiboxautomation.createfolder" name="createfolder" time="36.53"/>
  <testcase classname="Digiboxautomation.createfolder" name="filterfile" time="24.021"/>
</testsuite> <!-- Default test -->
