<?xml version="1.0" encoding="UTF-8"?>
<testng-results ignored="0" total="3" passed="3" failed="0" skipped="0">
  <reporter-output>
  </reporter-output>
  <suite started-at="2022-05-15T21:24:55 CDT" name="Default suite" finished-at="2022-05-15T21:25:36 CDT" duration-ms="41048">
    <groups>
    </groups>
    <test started-at="2022-05-15T21:24:55 CDT" name="Default test" finished-at="2022-05-15T21:25:36 CDT" duration-ms="41048">
      <class name="TestCases.QaMaxTestcase">
        <test-method signature="LoginTest()[pri:1, instance:TestCases.QaMaxTestcase@611889f4]" started-at="2022-05-15T21:24:55 CDT" name="LoginTest" finished-at="2022-05-15T21:25:05 CDT" duration-ms="10331" status="PASS">
          <reporter-output>
          </reporter-output>
        </test-method> <!-- LoginTest -->
        <test-method signature="HomepageOptions()[pri:2, instance:TestCases.QaMaxTestcase@611889f4]" started-at="2022-05-15T21:25:05 CDT" name="HomepageOptions" finished-at="2022-05-15T21:25:19 CDT" duration-ms="14074" status="PASS">
          <reporter-output>
          </reporter-output>
        </test-method> <!-- HomepageOptions -->
        <test-method signature="CheckoutItems()[pri:3, instance:TestCases.QaMaxTestcase@611889f4]" started-at="2022-05-15T21:25:19 CDT" name="CheckoutItems" finished-at="2022-05-15T21:25:36 CDT" duration-ms="16598" status="PASS">
          <reporter-output>
          </reporter-output>
        </test-method> <!-- CheckoutItems -->
      </class> <!-- TestCases.QaMaxTestcase -->
    </test> <!-- Default test -->
  </suite> <!-- Default suite -->
</testng-results>
