<?xml version="1.0" encoding="UTF-8"?>
<!-- Generated by org.testng.reporters.JUnitXMLReporter -->
<testsuite ignored="0" hostname="HarshT" failures="0" tests="3" name="Default test" time="41.048" errors="0" timestamp="2022-05-15T21:25:36 CDT">
  <testcase classname="TestCases.QaMaxTestcase" name="LoginTest" time="10.331"/>
  <testcase classname="TestCases.QaMaxTestcase" name="HomepageOptions" time="14.074"/>
  <testcase classname="TestCases.QaMaxTestcase" name="CheckoutItems" time="16.598"/>
</testsuite> <!-- Default test -->
