<?xml version="1.0" encoding="UTF-8"?>
<testng-results ignored="0" total="4" passed="4" failed="0" skipped="0">
  <reporter-output>
  </reporter-output>
  <suite started-at="2022-06-02T13:12:24 CDT" name="Default suite" finished-at="2022-06-02T13:13:48 CDT" duration-ms="84358">
    <groups>
    </groups>
    <test started-at="2022-06-02T13:12:24 CDT" name="Default test" finished-at="2022-06-02T13:13:48 CDT" duration-ms="84358">
      <class name="Digiboxautomation.createfolder">
        <test-method signature="openDigiboxx()[pri:0, instance:Digiboxautomation.createfolder@cedee22]" started-at="2022-06-02T13:12:24 CDT" name="openDigiboxx" finished-at="2022-06-02T13:12:33 CDT" duration-ms="9710" status="PASS">
          <reporter-output>
          </reporter-output>
        </test-method> <!-- openDigiboxx -->
        <test-method signature="LoginIntoDigibox()[pri:1, instance:Digiboxautomation.createfolder@cedee22]" started-at="2022-06-02T13:12:33 CDT" name="LoginIntoDigibox" finished-at="2022-06-02T13:12:47 CDT" duration-ms="14045" status="PASS">
          <reporter-output>
          </reporter-output>
        </test-method> <!-- LoginIntoDigibox -->
        <test-method signature="createfolder()[pri:2, instance:Digiboxautomation.createfolder@cedee22]" started-at="2022-06-02T13:12:47 CDT" name="createfolder" finished-at="2022-06-02T13:13:24 CDT" duration-ms="36530" status="PASS">
          <reporter-output>
          </reporter-output>
        </test-method> <!-- createfolder -->
        <test-method signature="filterfile()[pri:3, instance:Digiboxautomation.createfolder@cedee22]" started-at="2022-06-02T13:13:24 CDT" name="filterfile" finished-at="2022-06-02T13:13:48 CDT" duration-ms="24021" status="PASS">
          <reporter-output>
          </reporter-output>
        </test-method> <!-- filterfile -->
      </class> <!-- Digiboxautomation.createfolder -->
    </test> <!-- Default test -->
  </suite> <!-- Default suite -->
</testng-results>
